<?xml version="1.0" encoding="utf-8"?><testsuites name="pytest tests"><testsuite name="pytest" errors="0" failures="0" skipped="0" tests="16" time="8.020" timestamp="2026-03-25T15:22:30.926702+00:00" hostname="agent-env-adc0300e-a59f-46e1-969a-57a2e2932521"><testcase classname="backend.tests.test_encouragement_system.TestAuthentication" name="test_login_success" time="0.518" /><testcase classname="backend.tests.test_encouragement_system.TestEffortStatsTracking" name="test_child_has_effort_stats" time="0.507" /><testcase classname="backend.tests.test_encouragement_system.TestEffortStatsTracking" name="test_effort_stats_values_are_valid" time="0.489" /><testcase classname="backend.tests.test_encouragement_system.TestProgressUpdateWithIsCorrect" name="test_progress_update_with_is_correct_true" time="0.582" /><testcase classname="backend.tests.test_encouragement_system.TestProgressUpdateWithIsCorrect" name="test_progress_update_with_is_correct_false" time="0.631" /><testcase classname="backend.tests.test_encouragement_system.TestProgressUpdateWithIsCorrect" name="test_wrong_streak_tracking" time="0.563" /><testcase classname="backend.tests.test_encouragement_system.TestProgressUpdateWithIsCorrect" name="test_wrong_streak_resets_on_correct" time="0.476" /><testcase classname="backend.tests.test_encouragement_system.TestProgressToNextBadges" name="test_achievements_returns_progress_to_next" time="0.445" /><testcase classname="backend.tests.test_encouragement_system.TestProgressToNextBadges" name="test_progress_to_next_structure" time="0.454" /><testcase classname="backend.tests.test_encouragement_system.TestProgressToNextBadges" name="test_progress_includes_effort_badges" time="0.449" /><testcase classname="backend.tests.test_encouragement_system.TestEffortBasedBadges" name="test_effort_badges_exist_in_achievements" time="0.463" /><testcase classname="backend.tests.test_encouragement_system.TestEffortBasedBadges" name="test_effort_badges_have_effort_category" time="0.450" /><testcase classname="backend.tests.test_encouragement_system.TestEffortBasedBadges" name="test_never_give_up_badge_earned" time="0.425" /><testcase classname="backend.tests.test_encouragement_system.TestAchievementsWithEffortStats" name="test_achievements_returns_effort_stats" time="0.447" /><testcase classname="backend.tests.test_encouragement_system.TestProgressUpdateReturnsNextBadgeProgress" name="test_progress_update_returns_next_badge_progress" time="0.492" /><testcase classname="backend.tests.test_encouragement_system.TestQuestionsToday" name="test_questions_today_increments" time="0.558" /></testsuite></testsuites>