<?xml version="1.0" encoding="utf-8"?><testsuites name="pytest tests"><testsuite name="pytest" errors="0" failures="0" skipped="0" tests="17" time="8.644" timestamp="2026-03-25T14:28:03.435830+00:00" hostname="agent-env-adc0300e-a59f-46e1-969a-57a2e2932521"><testcase classname="backend.tests.test_gamification.TestAuthentication" name="test_login_success" time="0.520" /><testcase classname="backend.tests.test_gamification.TestStreakSystem" name="test_get_streak_endpoint" time="0.526" /><testcase classname="backend.tests.test_gamification.TestStreakSystem" name="test_streak_increments_on_progress" time="0.670" /><testcase classname="backend.tests.test_gamification.TestStreakSystem" name="test_streak_history_contains_dates" time="0.485" /><testcase classname="backend.tests.test_gamification.TestMistakeSystem" name="test_get_mistakes_endpoint" time="0.438" /><testcase classname="backend.tests.test_gamification.TestMistakeSystem" name="test_record_mistake" time="0.455" /><testcase classname="backend.tests.test_gamification.TestMistakeSystem" name="test_correct_answer_not_recorded" time="0.471" /><testcase classname="backend.tests.test_gamification.TestMistakeSystem" name="test_mark_mistake_reviewed" time="0.765" /><testcase classname="backend.tests.test_gamification.TestMistakeSystem" name="test_delete_mistake" time="0.581" /><testcase classname="backend.tests.test_gamification.TestAchievementSystem" name="test_get_achievements_endpoint" time="0.489" /><testcase classname="backend.tests.test_gamification.TestAchievementSystem" name="test_earned_badges_have_metadata" time="0.427" /><testcase classname="backend.tests.test_gamification.TestAchievementSystem" name="test_locked_badges_have_metadata" time="0.459" /><testcase classname="backend.tests.test_gamification.TestAchievementSystem" name="test_first_star_badge_earned" time="0.465" /><testcase classname="backend.tests.test_gamification.TestAchievementSystem" name="test_badge_categories" time="0.464" /><testcase classname="backend.tests.test_gamification.TestProgressAPI" name="test_progress_update_returns_streak" time="0.457" /><testcase classname="backend.tests.test_gamification.TestProgressAPI" name="test_child_data_includes_streak" time="0.447" /><testcase classname="backend.tests.test_gamification.TestProgressAPI" name="test_child_data_includes_achievements" time="0.452" /></testsuite></testsuites>