<?xml version="1.0" encoding="utf-8"?><testsuites name="pytest tests"><testsuite name="pytest" errors="0" failures="0" skipped="0" tests="19" time="9.803" timestamp="2026-03-25T15:42:19.172150+00:00" hostname="agent-env-adc0300e-a59f-46e1-969a-57a2e2932521"><testcase classname="backend.tests.test_leaderboard.TestLeaderboardAPI" name="test_leaderboard_age_14_returns_200" time="0.455" /><testcase classname="backend.tests.test_leaderboard.TestLeaderboardAPI" name="test_leaderboard_response_structure" time="0.461" /><testcase classname="backend.tests.test_leaderboard.TestLeaderboardAPI" name="test_leaderboard_entry_structure" time="0.454" /><testcase classname="backend.tests.test_leaderboard.TestLeaderboardAPI" name="test_namal_is_rank_1_in_age_14" time="0.569" /><testcase classname="backend.tests.test_leaderboard.TestLeaderboardAPI" name="test_score_calculation" time="0.445" /><testcase classname="backend.tests.test_leaderboard.TestLeaderboardAPI" name="test_privacy_other_users_names_masked" time="0.484" /><testcase classname="backend.tests.test_leaderboard.TestLeaderboardAPI" name="test_current_user_children_show_full_names" time="0.467" /><testcase classname="backend.tests.test_leaderboard.TestLeaderboardAPI" name="test_is_current_user_flag" time="0.444" /><testcase classname="backend.tests.test_leaderboard.TestLeaderboardAPI" name="test_user_ranks_structure" time="0.439" /><testcase classname="backend.tests.test_leaderboard.TestLeaderboardAPI" name="test_global_leaderboard_returns_200" time="0.437" /><testcase classname="backend.tests.test_leaderboard.TestLeaderboardAPI" name="test_global_leaderboard_structure" time="0.478" /><testcase classname="backend.tests.test_leaderboard.TestLeaderboardAPI" name="test_global_leaderboard_includes_age" time="0.454" /><testcase classname="backend.tests.test_leaderboard.TestLeaderboardAPI" name="test_global_leaderboard_privacy" time="0.449" /><testcase classname="backend.tests.test_leaderboard.TestLeaderboardAPI" name="test_leaderboard_different_age_categories" time="1.426" /><testcase classname="backend.tests.test_leaderboard.TestLeaderboardAPI" name="test_leaderboard_empty_category" time="0.453" /><testcase classname="backend.tests.test_leaderboard.TestLeaderboardAPI" name="test_leaderboard_sorted_by_score_descending" time="0.450" /><testcase classname="backend.tests.test_leaderboard.TestLeaderboardAPI" name="test_ranks_are_sequential" time="0.440" /><testcase classname="backend.tests.test_leaderboard.TestLeaderboardAPI" name="test_leaderboard_requires_auth" time="0.482" /><testcase classname="backend.tests.test_leaderboard.TestLeaderboardAPI" name="test_global_leaderboard_requires_auth" time="0.462" /></testsuite></testsuites>