<?xml version="1.0" encoding="utf-8"?><testsuites name="pytest tests"><testsuite name="pytest" errors="0" failures="0" skipped="0" tests="15" time="1.460" timestamp="2026-03-25T15:52:12.230543+00:00" hostname="agent-env-adc0300e-a59f-46e1-969a-57a2e2932521"><testcase classname="backend.tests.test_parent_progress_dashboard.TestAnalyticsEndpoint" name="test_analytics_endpoint_returns_200" time="0.552" /><testcase classname="backend.tests.test_parent_progress_dashboard.TestAnalyticsEndpoint" name="test_analytics_response_has_child_info" time="0.047" /><testcase classname="backend.tests.test_parent_progress_dashboard.TestAnalyticsEndpoint" name="test_analytics_has_improvement_metrics" time="0.050" /><testcase classname="backend.tests.test_parent_progress_dashboard.TestAnalyticsEndpoint" name="test_analytics_has_module_performance" time="0.051" /><testcase classname="backend.tests.test_parent_progress_dashboard.TestAnalyticsEndpoint" name="test_analytics_has_weak_topics" time="0.047" /><testcase classname="backend.tests.test_parent_progress_dashboard.TestAnalyticsEndpoint" name="test_analytics_has_daily_activity" time="0.054" /><testcase classname="backend.tests.test_parent_progress_dashboard.TestAnalyticsEndpoint" name="test_analytics_has_achievement_timeline" time="0.058" /><testcase classname="backend.tests.test_parent_progress_dashboard.TestAnalyticsEndpoint" name="test_analytics_has_progress_timeline" time="0.048" /><testcase classname="backend.tests.test_parent_progress_dashboard.TestAnalyticsEndpoint" name="test_analytics_has_summary" time="0.047" /><testcase classname="backend.tests.test_parent_progress_dashboard.TestAnalyticsEndpoint" name="test_analytics_requires_authentication" time="0.132" /><testcase classname="backend.tests.test_parent_progress_dashboard.TestAnalyticsEndpoint" name="test_analytics_returns_404_for_invalid_child" time="0.098" /><testcase classname="backend.tests.test_parent_progress_dashboard.TestAnalyticsEndpoint" name="test_analytics_returns_404_for_other_users_child" time="0.049" /><testcase classname="backend.tests.test_parent_progress_dashboard.TestAnalyticsDataIntegrity" name="test_accuracy_calculation" time="0.049" /><testcase classname="backend.tests.test_parent_progress_dashboard.TestAnalyticsDataIntegrity" name="test_module_stars_sum_equals_total" time="0.048" /><testcase classname="backend.tests.test_parent_progress_dashboard.TestAnalyticsDataIntegrity" name="test_weak_topics_unreviewed_calculation" time="0.055" /></testsuite></testsuites>